2021-02-10 13:10:27,948 STREAM b'IHDR' 16 13
2021-02-10 13:10:27,948 STREAM b'IDAT' 41 8192
2021-02-10 13:10:27,968 langs: {'af': 'Afrikaans', 'ar': 'Arabic', 'bn': 'Bengali', 'bs': 'Bosnian', 'ca': 'Catalan', 'cs': 'Czech', 'cy': 'Welsh', 'da': 'Danish', 'de': 'German', 'el': 'Greek', 'en': 'English', 'eo': 'Esperanto', 'es': 'Spanish', 'et': 'Estonian', 'fi': 'Finnish', 'fr': 'French', 'gu': 'Gujarati', 'hi': 'Hindi', 'hr': 'Croatian', 'hu': 'Hungarian', 'hy': 'Armenian', 'id': 'Indonesian', 'is': 'Icelandic', 'it': 'Italian', 'ja': 'Japanese', 'jw': 'Javanese', 'km': 'Khmer', 'kn': 'Kannada', 'ko': 'Korean', 'la': 'Latin', 'lv': 'Latvian', 'mk': 'Macedonian', 'ml': 'Malayalam', 'mr': 'Marathi', 'my': 'Myanmar (Burmese)', 'ne': 'Nepali', 'nl': 'Dutch', 'no': 'Norwegian', 'pl': 'Polish', 'pt': 'Portuguese', 'ro': 'Romanian', 'ru': 'Russian', 'si': 'Sinhala', 'sk': 'Slovak', 'sq': 'Albanian', 'sr': 'Serbian', 'su': 'Sundanese', 'sv': 'Swedish', 'sw': 'Swahili', 'ta': 'Tamil', 'te': 'Telugu', 'th': 'Thai', 'tl': 'Filipino', 'tr': 'Turkish', 'uk': 'Ukrainian', 'ur': 'Urdu', 'vi': 'Vietnamese', 'zh-CN': 'Chinese', 'zh-TW': 'Chinese (Mandarin/Taiwan)', 'zh': 'Chinese (Mandarin)'}
2021-02-10 13:10:32,947 STREAM b'IHDR' 16 13
2021-02-10 13:10:32,947 STREAM b'IDAT' 41 8192
2021-02-10 13:10:32,971 STREAM b'IHDR' 16 13
2021-02-10 13:10:32,971 STREAM b'IDAT' 41 8192
2021-02-10 13:10:33,002 STREAM b'IHDR' 16 13
2021-02-10 13:10:33,002 STREAM b'IDAT' 41 8192
2021-02-10 13:10:33,028 STREAM b'IHDR' 16 13
2021-02-10 13:10:33,028 STREAM b'IDAT' 41 8192
2021-02-10 13:10:33,069 STREAM b'IHDR' 16 13
2021-02-10 13:10:33,069 STREAM b'IDAT' 41 7649
2021-02-10 13:10:33,169 STREAM b'IHDR' 16 13
2021-02-10 13:10:33,169 STREAM b'IDAT' 41 8192
2021-02-10 13:10:33,192 STREAM b'IHDR' 16 13
2021-02-10 13:10:33,192 STREAM b'IDAT' 41 8192
2021-02-10 13:10:33,217 STREAM b'IHDR' 16 13
2021-02-10 13:10:33,217 STREAM b'IDAT' 41 8192
2021-02-10 13:10:33,246 STREAM b'IHDR' 16 13
2021-02-10 13:10:33,246 STREAM b'IDAT' 41 8192
2021-02-10 13:10:33,284 STREAM b'IHDR' 16 13
2021-02-10 13:10:33,284 STREAM b'IDAT' 41 7649
2021-02-10 13:10:33,297 Something went wrong loading the keyboard configuration.
Please make sure there are no typos in the file.
See the Traceback for details.
Traceback (most recent call last):
  File "bci_keyboard.py", line 146, in build_windows
    "Keyboard": KeyboardWindow(
  File "d:\users\shari\documents\github\smart-keyboard\code\keyboard\windows\keyboard_window.py", line 137, in __init__
    "Symbols": KeypadWindow(
  File "d:\users\shari\documents\github\smart-keyboard\code\keyboard\windows\keypad_window.py", line 73, in __init__
    self.keys = self.build_keypad(keypad_layout)
  File "d:\users\shari\documents\github\smart-keyboard\code\keyboard\windows\keypad_window.py", line 175, in build_keypad
    keys.append(Key(self.facade, key_type, size, pos, key_label, self.button_color,
  File "d:\users\shari\documents\github\smart-keyboard\code\keyboard\key.py", line 63, in __init__
    self.button, self.label = self.build_key(size, position, label_text, button_color, line_color, text_color)
  File "d:\users\shari\documents\github\smart-keyboard\code\keyboard\key.py", line 72, in build_key
    return self.facade.create_button(size, position, button_color, line_color, text_color, label_text, has_icon)
  File "d:\users\shari\documents\github\smart-keyboard\code\keyboard\psychopy_facade.py", line 97, in create_button
    button_label = self.create_icon(label, label_color, size, pos)
  File "d:\users\shari\documents\github\smart-keyboard\code\keyboard\psychopy_facade.py", line 191, in create_icon
    B, G, R, A = cv2.split(img)
ValueError: not enough values to unpack (expected 4, got 0)
